  stdafx.cpp
  dllmain.cpp
  Speed.cpp
c:\users\strixx\documents\visual studio 2015\projects\pigdll\pigdll\speed.cpp(1): warning C4627: '#include "Speed.h"': skipped when looking for precompiled header use
  c:\users\strixx\documents\visual studio 2015\projects\pigdll\pigdll\speed.cpp(1): note: Add directive to 'stdafx.h' or rebuild precompiled header
c:\users\strixx\documents\visual studio 2015\projects\pigdll\pigdll\speed.cpp(110): fatal error C1010: unexpected end of file while looking for precompiled header. Did you forget to add '#include "stdafx.h"' to your source?
  PigDll.cpp
c:\users\strixx\documents\visual studio 2015\projects\pigdll\pigdll\hooks.h(3): error C2485: 'naked': unrecognized extended attribute
c:\users\strixx\documents\visual studio 2015\projects\pigdll\pigdll\hooks.h(5): error C4235: nonstandard extension used: '__asm' keyword not supported on this architecture
c:\users\strixx\documents\visual studio 2015\projects\pigdll\pigdll\hooks.h(5): error C2065: 'mov': undeclared identifier
c:\users\strixx\documents\visual studio 2015\projects\pigdll\pigdll\hooks.h(5): error C2146: syntax error: missing ';' before identifier 'dword'
c:\users\strixx\documents\visual studio 2015\projects\pigdll\pigdll\hooks.h(5): error C2065: 'dword': undeclared identifier
c:\users\strixx\documents\visual studio 2015\projects\pigdll\pigdll\hooks.h(5): error C2146: syntax error: missing ';' before identifier 'ptr'
c:\users\strixx\documents\visual studio 2015\projects\pigdll\pigdll\hooks.h(5): error C2065: 'ptr': undeclared identifier
c:\users\strixx\documents\visual studio 2015\projects\pigdll\pigdll\hooks.h(5): error C2065: 'esi': undeclared identifier
c:\users\strixx\documents\visual studio 2015\projects\pigdll\pigdll\hooks.h(6): error C4235: nonstandard extension used: '__asm' keyword not supported on this architecture
c:\users\strixx\documents\visual studio 2015\projects\pigdll\pigdll\hooks.h(6): error C2146: syntax error: missing ';' before identifier 'jmp'
c:\users\strixx\documents\visual studio 2015\projects\pigdll\pigdll\hooks.h(6): error C2065: 'jmp': undeclared identifier
c:\users\strixx\documents\visual studio 2015\projects\pigdll\pigdll\hooks.h(7): error C2143: syntax error: missing ';' before '}'
c:\users\strixx\documents\visual studio 2015\projects\pigdll\pigdll\pigdll.cpp(15): error C2664: 'HMODULE GetModuleHandleW(LPCWSTR)': cannot convert argument 1 from 'const char [22]' to 'LPCWSTR'
  c:\users\strixx\documents\visual studio 2015\projects\pigdll\pigdll\pigdll.cpp(15): note: Types pointed to are unrelated; conversion requires reinterpret_cast, C-style cast or function-style cast
c:\users\strixx\documents\visual studio 2015\projects\pigdll\pigdll\pigdll.cpp(115): warning C4312: 'type cast': conversion from 'DWORD' to 'void *' of greater size
c:\users\strixx\documents\visual studio 2015\projects\pigdll\pigdll\pigdll.cpp(116): warning C4312: 'type cast': conversion from 'DWORD' to 'DWORD *' of greater size
c:\users\strixx\documents\visual studio 2015\projects\pigdll\pigdll\pigdll.cpp(117): warning C4312: 'type cast': conversion from 'DWORD' to 'void *' of greater size
c:\users\strixx\documents\visual studio 2015\projects\pigdll\pigdll\pigdll.cpp(123): error C2664: 'HMODULE GetModuleHandleW(LPCWSTR)': cannot convert argument 1 from 'char *' to 'LPCWSTR'
  c:\users\strixx\documents\visual studio 2015\projects\pigdll\pigdll\pigdll.cpp(123): note: Types pointed to are unrelated; conversion requires reinterpret_cast, C-style cast or function-style cast
c:\users\strixx\documents\visual studio 2015\projects\pigdll\pigdll\pigdll.cpp(139): warning C4312: 'type cast': conversion from 'unsigned long' to 'BYTE *' of greater size
c:\users\strixx\documents\visual studio 2015\projects\pigdll\pigdll\pigdll.cpp(151): warning C4311: 'type cast': pointer truncation from 'BYTE *' to 'DWORD'
c:\users\strixx\documents\visual studio 2015\projects\pigdll\pigdll\pigdll.cpp(151): warning C4302: 'type cast': truncation from 'BYTE *' to 'DWORD'
  Generating Code...
